TN:
SF:src/index.ts
FNF:0
FNH:0
DA:1,1
DA:2,1
DA:3,1
DA:4,1
DA:5,1
DA:6,1
DA:7,1
DA:8,1
LF:8
LH:8
BRF:0
BRH:0
end_of_record
TN:
SF:src/auth/createSession.ts
FN:7,createSessionHandler
FNF:1
FNH:1
FNDA:5,createSessionHandler
DA:1,1
DA:2,1
DA:3,1
DA:4,1
DA:5,1
DA:6,1
DA:7,1
DA:8,5
DA:9,5
DA:10,5
DA:11,5
DA:12,4
DA:13,4
DA:14,5
DA:15,1
DA:16,1
DA:17,1
DA:18,3
DA:19,3
DA:20,3
DA:21,5
DA:22,1
DA:23,1
DA:24,1
DA:25,1
DA:26,1
DA:27,1
DA:28,1
DA:29,1
DA:30,1
DA:31,1
DA:32,1
DA:33,5
DA:34,1
DA:35,1
DA:36,1
LF:36
LH:36
BRDA:7,0,0,5
BRDA:11,1,0,1
BRDA:11,2,0,4
BRDA:14,3,0,1
BRDA:18,4,0,3
BRDA:21,5,0,2
BRDA:21,6,0,1
BRF:7
BRH:7
end_of_record
TN:
SF:src/auth/deleteUser.ts
FN:7,deleteUserHandler
FNF:1
FNH:1
FNDA:5,deleteUserHandler
DA:1,1
DA:2,1
DA:3,1
DA:4,1
DA:5,1
DA:6,1
DA:7,1
DA:8,5
DA:9,5
DA:10,5
DA:11,5
DA:12,4
DA:13,3
DA:14,3
DA:15,5
DA:16,1
DA:17,1
DA:18,1
DA:19,2
DA:20,2
DA:21,2
DA:22,1
DA:23,1
DA:24,1
DA:25,1
DA:26,1
DA:27,1
DA:28,5
DA:29,1
DA:30,1
LF:30
LH:30
BRDA:7,0,0,5
BRDA:11,1,0,1
BRDA:12,2,0,4
BRDA:12,3,0,1
BRDA:13,4,0,3
BRDA:15,5,0,1
BRDA:19,6,0,2
BRDA:22,7,0,1
BRF:8
BRH:8
end_of_record
TN:
SF:src/auth/verifyIdToken.ts
FN:5,verifyIdTokenHandler
FNF:1
FNH:1
FNDA:4,verifyIdTokenHandler
DA:1,1
DA:2,1
DA:3,1
DA:4,1
DA:5,1
DA:6,4
DA:7,4
DA:8,4
DA:9,4
DA:10,4
DA:11,3
DA:12,3
DA:13,3
DA:14,4
DA:15,1
DA:16,1
DA:17,1
DA:18,2
DA:19,2
DA:20,1
DA:21,1
DA:22,1
DA:23,1
DA:24,1
DA:25,1
DA:26,1
DA:27,1
DA:28,1
DA:29,1
DA:30,4
DA:31,1
DA:32,1
LF:32
LH:32
BRDA:5,0,0,4
BRDA:10,1,0,1
BRDA:11,2,0,3
BRDA:14,3,0,1
BRDA:18,4,0,2
BRDA:20,5,0,1
BRF:6
BRH:6
end_of_record
TN:
SF:src/auth/verifySession.ts
FN:5,verifySessionHandler
FNF:1
FNH:1
FNDA:4,verifySessionHandler
DA:1,1
DA:2,1
DA:3,1
DA:4,1
DA:5,1
DA:6,4
DA:7,4
DA:8,4
DA:9,4
DA:10,3
DA:11,3
DA:12,4
DA:13,1
DA:14,1
DA:15,1
DA:16,2
DA:17,2
DA:18,2
DA:19,1
DA:20,1
DA:21,1
DA:22,1
DA:23,1
DA:24,1
DA:25,1
DA:26,1
DA:27,1
DA:28,1
DA:29,1
DA:30,1
DA:31,1
DA:32,4
DA:33,1
DA:34,1
LF:34
LH:34
BRDA:5,0,0,4
BRDA:9,1,0,1
BRDA:10,2,0,3
BRDA:12,3,0,1
BRDA:16,4,0,2
BRDA:19,5,0,1
BRF:6
BRH:6
end_of_record
TN:
SF:src/bootstrap/admin.ts
FNF:0
FNH:0
DA:1,1
DA:2,1
DA:3,1
DA:4,1
DA:5,0
DA:6,0
DA:7,0
DA:8,1
DA:9,1
DA:10,1
DA:11,1
DA:12,1
DA:13,1
DA:14,1
DA:15,1
DA:16,1
DA:17,1
DA:18,1
LF:18
LH:15
BRDA:4,0,0,0
BRF:1
BRH:0
end_of_record
TN:
SF:src/storage/deleteByStoragePath.ts
FNF:0
FNH:0
DA:1,1
DA:2,1
DA:3,1
DA:4,1
DA:5,0
DA:6,0
DA:7,0
DA:8,0
DA:9,0
DA:10,0
DA:11,0
DA:12,0
DA:13,0
DA:14,0
DA:15,0
DA:16,0
DA:17,0
DA:18,0
DA:19,0
DA:20,0
DA:21,0
DA:22,0
DA:23,0
DA:24,0
DA:25,0
DA:26,0
DA:27,0
DA:28,0
DA:29,0
DA:30,0
DA:31,0
DA:32,0
DA:33,1
LF:33
LH:5
BRF:0
BRH:0
end_of_record
TN:
SF:src/storage/getDownloadUrl.ts
FNF:0
FNH:0
DA:1,1
DA:2,1
DA:3,1
DA:4,1
DA:5,1
DA:6,0
DA:7,0
DA:8,0
DA:9,0
DA:10,0
DA:11,0
DA:12,0
DA:13,0
DA:14,0
DA:15,0
DA:16,0
DA:17,0
DA:18,0
DA:19,0
DA:20,0
DA:21,0
DA:22,0
DA:23,0
DA:24,0
DA:25,0
DA:26,0
DA:27,0
DA:28,0
DA:29,0
DA:30,1
LF:30
LH:6
BRF:0
BRH:0
end_of_record
TN:
SF:src/test/seedAuthEmulator.ts
FNF:0
FNH:0
DA:1,1
DA:2,1
DA:3,1
DA:4,1
DA:5,0
DA:6,0
DA:7,0
DA:8,0
DA:9,0
DA:10,0
DA:11,0
DA:12,0
DA:13,0
DA:14,0
DA:15,0
DA:16,0
DA:17,0
DA:18,0
DA:19,0
DA:20,0
DA:21,0
DA:22,0
DA:23,0
DA:24,0
DA:25,0
DA:26,0
DA:27,0
DA:28,0
DA:29,0
DA:30,0
DA:31,0
DA:32,0
DA:33,0
DA:34,0
DA:35,1
LF:35
LH:5
BRF:0
BRH:0
end_of_record
TN:
SF:src/utils/guards/requireInternalApiKey.ts
FN:3,requireInternalApiKey
FNF:1
FNH:1
FNDA:2,requireInternalApiKey
DA:1,1
DA:2,1
DA:3,2
DA:4,2
DA:5,2
DA:6,2
DA:7,2
DA:8,2
DA:9,1
DA:10,1
DA:11,1
DA:12,1
DA:13,1
LF:13
LH:13
BRDA:3,0,0,2
BRDA:8,1,0,1
BRF:2
BRH:2
end_of_record
TN:
SF:src/utils/guards/requireMethod.ts
FN:3,requireMethod
FNF:1
FNH:1
FNDA:2,requireMethod
DA:1,1
DA:2,1
DA:3,2
DA:4,2
DA:5,2
DA:6,2
DA:7,2
DA:8,2
DA:9,1
DA:10,1
DA:11,1
DA:12,1
DA:13,1
LF:13
LH:13
BRDA:3,0,0,2
BRDA:8,1,0,1
BRF:2
BRH:2
end_of_record
TN:
SF:tests/utils/mockHttp.ts
FN:7,mockRequest
FN:16,mockResponse
FNF:2
FNH:2
FNDA:22,mockRequest
FNDA:22,mockResponse
DA:1,1
DA:2,1
DA:3,1
DA:4,1
DA:5,1
DA:6,1
DA:7,22
DA:8,22
DA:9,22
DA:10,22
DA:11,22
DA:12,22
DA:13,22
DA:14,22
DA:15,1
DA:16,22
DA:17,22
DA:18,22
DA:19,22
DA:20,22
DA:21,22
DA:22,22
DA:23,22
DA:24,22
LF:24
LH:24
BRDA:7,0,0,22
BRDA:16,1,0,22
BRF:2
BRH:2
end_of_record
